number,value,datetime_start,datetime_complete,duration,params_attention_heads,params_colonization_expert_weight,params_colonization_threshold,params_colonization_weight,params_coord_embed_base,params_decline_expert_weight,params_decline_threshold,params_decline_weight,params_dropout_rate,params_hidden_dim_1_base,params_hidden_dim_2_base,params_hidden_dim_3_base,params_jump_expert_weight,params_jump_threshold,params_jump_weight,params_learning_rate,params_pde_expert_weight,params_pde_weight,params_weight_decay,state
0,854.3700983663152,2025-04-25 14:00:03.804538,2025-04-25 14:13:10.504070,0 days 00:13:06.699532,3,0.846470458309974,0.05871254182522992,6.41003510568888,3,0.5849356442713105,86.59541126403374,2.636424704863906,0.16239780813448107,31,13,6,0.508233797718321,156.21088666940682,9.72918866945795,0.00011207606211860574,0.47336180394137356,3.7381801866358395,1.9762189340280077e-06,COMPLETE
1,746.217395323316,2025-04-25 14:00:03.831297,2025-04-25 14:34:51.959442,0 days 00:34:48.128145,3,0.846470458309974,0.05871254182522992,6.41003510568888,3,0.5849356442713105,86.59541126403374,2.636424704863906,0.16239780813448107,31,13,6,0.508233797718321,156.21088666940682,9.72918866945795,0.00011207606211860574,0.47336180394137356,3.7381801866358395,1.9762189340280077e-06,COMPLETE
2,706.7525666524051,2025-04-25 14:00:03.845958,2025-04-25 15:00:20.243548,0 days 01:00:16.397590,3,0.846470458309974,0.05871254182522992,6.41003510568888,3,0.5849356442713105,86.59541126403374,2.636424704863906,0.16239780813448107,31,13,6,0.508233797718321,156.21088666940682,9.72918866945795,0.00011207606211860574,0.47336180394137356,3.7381801866358395,1.9762189340280077e-06,COMPLETE
3,694.1293332973243,2025-04-25 14:00:03.862287,2025-04-25 15:24:44.130158,0 days 01:24:40.267871,3,0.846470458309974,0.05871254182522992,6.41003510568888,3,0.5849356442713105,86.59541126403374,2.636424704863906,0.16239780813448107,31,13,6,0.508233797718321,156.21088666940682,9.72918866945795,0.00011207606211860574,0.47336180394137356,3.7381801866358395,1.9762189340280077e-06,COMPLETE
4,691.9505427272454,2025-04-25 14:00:03.891825,2025-04-25 15:49:48.646247,0 days 01:49:44.754422,3,0.846470458309974,0.05871254182522992,6.41003510568888,3,0.5849356442713105,86.59541126403374,2.636424704863906,0.16239780813448107,31,13,6,0.508233797718321,156.21088666940682,9.72918866945795,0.00011207606211860574,0.47336180394137356,3.7381801866358395,1.9762189340280077e-06,COMPLETE
5,708.1100976618342,2025-04-25 14:00:03.923837,2025-04-25 16:11:05.339065,0 days 02:11:01.415228,3,0.846470458309974,0.05871254182522992,6.41003510568888,3,0.5849356442713105,86.59541126403374,2.636424704863906,0.16239780813448107,31,13,6,0.508233797718321,156.21088666940682,9.72918866945795,0.00011207606211860574,0.47336180394137356,3.7381801866358395,1.9762189340280077e-06,COMPLETE
6,921.1560234577031,2025-04-25 14:00:03.955005,2025-04-25 16:18:13.525680,0 days 02:18:09.570675,3,0.846470458309974,0.05871254182522992,6.41003510568888,3,0.5849356442713105,86.59541126403374,2.636424704863906,0.16239780813448107,31,13,6,0.508233797718321,156.21088666940682,9.72918866945795,0.00011207606211860574,0.47336180394137356,3.7381801866358395,1.9762189340280077e-06,COMPLETE
7,1207.9397372067015,2025-04-25 14:00:03.980474,2025-04-25 16:22:20.245697,0 days 02:22:16.265223,3,0.846470458309974,0.05871254182522992,6.41003510568888,3,0.5849356442713105,86.59541126403374,2.636424704863906,0.16239780813448107,31,13,6,0.508233797718321,156.21088666940682,9.72918866945795,0.00011207606211860574,0.47336180394137356,3.7381801866358395,1.9762189340280077e-06,COMPLETE
8,1008.2411034254816,2025-04-25 14:00:03.994746,2025-04-25 16:27:57.173425,0 days 02:27:53.178679,3,0.846470458309974,0.05871254182522992,6.41003510568888,3,0.5849356442713105,86.59541126403374,2.636424704863906,0.16239780813448107,31,13,6,0.508233797718321,156.21088666940682,9.72918866945795,0.00011207606211860574,0.47336180394137356,3.7381801866358395,1.9762189340280077e-06,COMPLETE
9,944.4488046909062,2025-04-25 14:00:04.007836,2025-04-25 16:34:41.175234,0 days 02:34:37.167398,3,0.846470458309974,0.05871254182522992,6.41003510568888,3,0.5849356442713105,86.59541126403374,2.636424704863906,0.16239780813448107,31,13,6,0.508233797718321,156.21088666940682,9.72918866945795,0.00011207606211860574,0.47336180394137356,3.7381801866358395,1.9762189340280077e-06,COMPLETE
10,717.8341906781866,2025-04-25 14:00:04.020811,2025-04-25 16:55:16.416763,0 days 02:55:12.395952,5,0.5296480713060737,0.193965611891813,9.522656887511342,7,0.8124897805145396,37.65404112669709,8.212185656078328,0.4630659181130071,8,6,3,0.878204789548042,84.72528082300295,2.2703898624335253,0.0004993637883601218,0.7144299083451704,7.943328122319691,2.214396068504149e-07,COMPLETE
11,1635.0821923640885,2025-04-25 14:00:04.034067,2025-04-25 16:59:24.376457,0 days 02:59:20.342390,5,0.7375386315314675,0.10232639337607534,2.9492362457018393,5,0.6971457481268195,64.3373971841306,5.2544260599215376,0.2753991977825756,22,16,8,0.6358350704309181,198.8740092569891,7.259174438107952,2.5508754249827804e-05,0.5855975253875391,1.1807419121509417,1.6486581733805815e-05,COMPLETE
12,682.075378642268,2025-04-25 14:00:04.047238,2025-04-25 17:17:25.016045,0 days 03:17:20.968807,2,0.7375386315314675,0.09865901148564998,4.013156586009125,5,0.6971457481268195,66.27547611551614,5.083062055825858,0.2753991977825756,25,9,4,0.6175209522347848,109.2620316434298,7.259174438107952,0.0003429667321326434,0.5855975253875391,6.15961879886106,2.967773209962217e-07,COMPLETE
13,651.7688160277942,2025-04-25 14:00:04.063616,2025-04-25 17:33:31.420672,0 days 03:33:27.357056,2,0.7197213913395483,0.10148634053251862,3.957963373277293,5,0.6973234646653289,65.49390825002466,5.2544260599215376,0.28101828772896026,24,8,3,0.6123043816958816,106.9406365130335,7.274403085060849,0.0003928025332222,0.5972673213806948,6.638996847270607,2.4772555771555616e-07,COMPLETE
14,685.1496293902392,2025-04-25 14:00:04.077303,2025-04-25 17:45:54.542288,0 days 03:45:50.464985,2,0.7070223831512336,0.10999935801534491,3.322899588471459,5,0.6973131385315119,64.65064958054076,5.315623025985988,0.29382962338804236,24,7,3,0.6216423427305698,90.4317465984605,6.541633372363899,0.0005161887049382074,0.604358681197161,7.209013810147226,1.0587927902959176e-07,COMPLETE
15,892.9078192352363,2025-04-25 14:00:04.091624,2025-04-25 17:52:17.475655,0 days 03:52:13.384031,2,0.6301439991885139,0.13737253241196468,1.6065129344807514,6,0.7736800860721864,50.00232439237377,6.8003301061244645,0.3668025930301808,17,9,2,0.7134420570816513,51.976509869501044,4.6650256298244726,0.0009901669196149719,0.604358681197161,9.775508877291248,4.4412796733158924e-07,COMPLETE
16,618.1568972532604,2025-04-25 14:00:04.105162,2025-04-25 18:07:38.974809,0 days 04:07:34.869647,6,0.7654041500993731,0.08831651881477984,4.013156586009125,8,0.6625716649841811,71.4948819038315,4.315400175177539,0.2449795801903029,26,4,4,0.6060292247669553,111.69229076681152,7.726547685746881,0.0002915483137396438,0.659855253425183,6.15961879886106,5.582718517671988e-07,COMPLETE
17,645.4168070833638,2025-04-25 14:00:04.120278,2025-04-25 18:23:02.746562,0 days 04:22:58.626284,6,0.6345641165370137,0.13976263655538884,4.013156586009125,8,0.7603374726928884,74.005002867788,4.10321315653985,0.23754701764520592,16,4,4,0.7083226522330952,128.9888083091715,5.040564463812794,0.00025274856323168017,0.6779792525738584,6.097922950796916,6.323728543271069e-07,COMPLETE
18,675.3737103839836,2025-04-25 14:00:04.134309,2025-04-25 18:41:46.516577,0 days 04:41:42.382268,6,0.6433534083239045,0.14751260636891939,1.6065129344807514,8,0.7503576314424028,75.60401249217716,4.082643943639809,0.2208519255304879,16,4,4,0.752777947090993,130.51607343359436,4.5457700096087645,0.00022823492438987062,0.7543247864614636,8.334268356166843,6.323728543271069e-07,COMPLETE
19,1382.8794080736018,2025-04-25 14:00:04.148306,2025-04-25 18:45:53.034508,0 days 04:45:48.886202,6,0.6433534083239045,0.15944514965470896,5.189528738756277,8,0.8650273366490117,51.61299062984317,4.037322951700553,0.3760988294276581,11,4,4,0.7936013575829896,130.51607343359436,2.856166496167418,4.286279852078057e-05,0.6718122305327543,4.844010750699986,6.379953550240584e-06,COMPLETE
20,698.7606103733586,2025-04-25 14:00:04.162160,2025-04-25 19:00:05.384488,0 days 05:00:01.222328,5,0.7925638632984677,0.07860916076001406,8.05266659034115,7,0.6621578190221395,75.60401249217716,6.351772612200354,0.2208519255304879,27,5,5,0.5681139558702257,68.83294580698106,5.673911521838322,0.00022160908056912955,0.6663781070511333,5.802997879472143,4.5594072390214954e-05,COMPLETE
21,721.5303556450441,2025-04-25 14:00:04.176159,2025-04-25 19:13:58.034131,0 days 05:13:53.857972,6,0.5960174856097703,0.11955598806148636,4.893645791055788,6,0.6432918195211154,73.09671279337185,4.082643943639809,0.2202259292197384,18,7,3,0.6956723536120895,114.08057533426859,7.726547685746881,0.0002344325678327022,0.6478135772534398,6.546828280429639,7.668100411620167e-07,COMPLETE
22,557.7952366399077,2025-04-25 14:00:04.189980,2025-04-25 19:31:33.864963,0 days 05:31:29.674983,4,0.7885373500676509,0.08667863344492623,4.013156586009125,7,0.7430655159679573,52.472311864708516,6.986643578487314,0.3237354812337988,21,6,2,0.5927558911678276,105.7023270725417,6.0267225770136115,0.0009842407097068193,0.5273145000499233,7.178984393429149,1.0420342200964321e-07,COMPLETE
23,558.6918838289657,2025-04-25 14:00:04.204123,2025-04-25 19:48:47.034838,0 days 05:48:42.830715,4,0.7695355540825743,0.08153554389945462,2.3877778531124934,7,0.7560396654680563,53.00171813647306,8.44826617540144,0.33812988867882926,14,5,2,0.6737520257556932,118.57279074590834,8.254453060125112,0.0009802044201212064,0.5392499500528215,5.26537051417564,1.0585603428209005e-07,COMPLETE
24,663.3781463080629,2025-04-25 14:00:04.218937,2025-04-25 20:03:23.159282,0 days 06:03:18.940345,4,0.7919468507945114,0.08188617332645819,2.3877778531124934,7,0.8127833926147228,32.667297664671636,9.837482852396969,0.34448030946226604,13,6,2,0.6688417851080439,90.66482732641732,8.218138809244339,0.000996348416127449,0.5273145000499233,5.042510374008792,1.0584556713314504e-07,COMPLETE
25,631.6000328821938,2025-04-25 14:00:04.233546,2025-04-25 20:13:30.855258,0 days 06:13:26.621712,4,0.7919468507945114,0.08188617332645819,2.3877778531124934,6,0.6337205489663146,53.495291236425516,8.305075480367297,0.4208799472720689,20,5,2,0.5833535829859108,118.57279074590834,8.218138809244339,0.0006669689910790164,0.5273145000499233,8.071084958729553,1.5709693228666868e-07,COMPLETE
26,588.4073719463945,2025-04-25 14:00:04.247832,2025-04-25 20:34:29.620141,0 days 06:34:25.372309,4,0.7695355540825743,0.08831651881477984,4.893645791055788,7,0.7391759041059334,43.19350537437982,7.58634062299952,0.3248492963750184,27,6,2,0.5833535829859108,139.78429771832162,6.153224686495365,0.0006669689910790164,0.4187633189364319,4.9361974382388425,3.8959201571571715e-07,COMPLETE
27,549.2326213996414,2025-04-25 14:00:04.261952,2025-04-25 20:59:30.308483,0 days 06:59:26.046531,4,0.7695355540825743,0.08831651881477984,4.893645791055788,7,0.7391759041059334,43.19350537437982,7.58634062299952,0.3248492963750184,27,6,2,0.5833535829859108,139.78429771832162,6.153224686495365,0.0006669689910790164,0.4187633189364319,4.9361974382388425,3.8959201571571715e-07,COMPLETE
28,1040.3927774462654,2025-04-25 14:00:04.276081,2025-04-25 21:03:37.437348,0 days 07:03:33.161267,4,0.8835852799327918,0.07526576021140104,2.705156081566563,6,0.7987976455839964,27.54515563240801,9.51131581752651,0.40326281053976487,13,11,2,0.5480571123768981,194.05750117413066,4.204821010014943,0.0007424594118189796,0.4229557134433338,2.0782176795602387,1.6202742618368522e-07,COMPLETE
29,1963.3173327862585,2025-04-25 14:00:04.290162,2025-04-25 21:07:44.020984,0 days 07:07:39.730822,4,0.6898337105523886,0.11830103266958059,7.70194809505662,4,0.8849843719734976,44.17440522498393,8.834098467681429,0.3158133448186491,21,7,3,0.6580375686493298,143.11974270716937,8.828098767694765,1.4022487868824743e-05,0.5273145000499233,9.194014751776788,9.808781734047834e-07,COMPLETE
30,604.3804215488369,2025-04-25 14:00:04.304398,2025-04-25 21:24:32.531241,0 days 07:24:28.226843,5,0.6898337105523886,0.07526576021140104,5.451798712798487,7,0.7236114502935903,56.98756691373163,7.021538610356891,0.4439836389304148,14,11,8,0.5480571123768981,102.20877494935834,6.540008740402991,0.00046855614423921206,0.5568679756834303,7.209013810147226,1.6202742618368522e-07,COMPLETE
31,822.66929046282,2025-04-25 14:00:04.318497,2025-04-25 21:30:08.784960,0 days 07:30:04.466463,4,0.7606071210052325,0.0935100711694658,4.68246666274058,7,0.7271346785856432,43.98801730375808,7.646004863581341,0.3316254010508273,27,6,2,0.5843988614015443,140.97465637500056,5.9091898471271795,0.0007122170278762228,0.40524422791449094,4.658167312150433,3.562305153339865e-07,COMPLETE
32,654.8653855903217,2025-04-25 14:00:04.332475,2025-04-25 21:39:30.415219,0 days 07:39:26.082744,4,0.8005672195250383,0.10859095652706986,3.417977749341608,7,0.7913227812384533,43.98801730375808,6.122277392227244,0.35854388732923137,29,5,2,0.6540119614987754,141.26117516637643,3.8634882822398025,0.0007122170278762228,0.43863440803649845,5.348143693547763,1.12436558408765e-06,COMPLETE
33,772.7831165107156,2025-04-25 14:00:04.346690,2025-04-25 21:45:52.059639,0 days 07:45:47.712949,4,0.7606071210052325,0.08878380985398053,4.68246666274058,6,0.7271346785856432,35.50778213153707,7.646004863581341,0.3176948957255109,23,8,2,0.5843988614015443,184.17977710149455,6.249014067067106,0.0009969345024696621,0.43863440803649845,4.658167312150433,1.0194910977689505e-07,COMPLETE
34,597.958174913213,2025-04-25 14:00:04.360867,2025-04-25 21:59:19.509177,0 days 07:59:15.148310,5,0.8005672195250383,0.06707449540966576,2.1100665974720263,2,0.7446846033440662,48.22682882792523,8.77493877349171,0.39327933776180835,29,6,3,0.5386054702940146,136.6978563788276,5.552669945797307,0.0005722594303804291,0.5034487701144117,5.513342492380526,7.0612604030997806e-06,COMPLETE
35,939.4658685404471,2025-04-25 14:00:04.374890,2025-04-25 22:03:26.190490,0 days 08:03:21.815600,4,0.8803430974554443,0.06707449540966576,3.417977749341608,8,0.7723200720781254,56.98756691373163,7.383476583947449,0.3393912722544065,29,8,2,0.6771740613370585,103.50357424888162,6.607448003076824,0.00018310654660099737,0.5034487701144117,7.424618740313271,2.101376915764335e-07,COMPLETE
36,994.5438263120187,2025-04-25 14:00:04.388877,2025-04-25 22:07:33.533133,0 days 08:07:29.144256,5,0.6708610455122835,0.0935100711694658,5.928024169633634,7,0.8208296875117662,40.01552058076593,6.122277392227244,0.3034657805455815,9,5,3,0.7351799524354927,146.55722048726244,8.828098767694765,0.00037403627398723715,0.40524422791449094,3.235351757320631,3.637444993329046e-07,COMPLETE
37,875.2841874603714,2025-04-25 14:00:04.402846,2025-04-25 22:12:03.783701,0 days 08:11:59.380855,4,0.7296404816184362,0.11187453597037152,7.368592125592221,6,0.6761257755000888,29.75000396240891,8.143488294825584,0.11549007998447319,18,7,5,0.7873521528567009,77.41614333279803,3.8634882822398025,0.0001525342151796965,0.4444224196411702,4.658167312150433,1.5069144222128222e-07,COMPLETE
38,1228.84448362555,2025-04-25 14:00:04.416941,2025-04-25 22:16:10.962962,0 days 08:16:06.546021,4,0.7606071210052325,0.12989782636605998,4.240907556201282,4,0.7271346785856432,59.7005155522512,8.77493877349171,0.38238687991091314,21,9,2,0.5943916777416247,184.17977710149455,6.07226027280937,8.102233969606828e-05,0.5034487701144117,3.235351757320631,1.12436558408765e-06,COMPLETE
39,566.5528975949198,2025-04-25 14:00:04.430923,2025-04-25 22:39:44.176698,0 days 08:39:39.745775,3,0.8314826855384384,0.06707449540966576,5.928024169633634,7,0.6168953862007945,40.01552058076593,6.617046503978646,0.416138853575415,27,5,3,0.5386054702940146,146.55722048726244,8.828098767694765,0.0007796773760146614,0.552328140209015,5.290137584581421,4.7477988373411935e-07,COMPLETE
40,1300.2933104030399,2025-04-25 14:00:04.444955,2025-04-25 22:43:51.247653,0 days 08:43:46.802698,3,0.8696334858145631,0.05084751870704053,5.901844814134637,8,0.5538237027877302,48.22682882792523,6.617046503978646,0.4208799472720689,25,5,3,0.6501636947566638,116.79589963680269,8.828098767694765,7.333782036791709e-05,0.5604682948981131,6.882672659705423,2.4033562004292015e-07,COMPLETE
41,560.0311182553326,2025-04-25 14:00:04.459222,2025-04-25 23:11:52.849764,0 days 09:11:48.390542,3,0.8252921039723262,0.06894159234413633,5.9089176446298035,7,0.6168953862007945,41.60360535234134,7.075360403136699,0.35510011010064646,27,6,2,0.5321172985220387,121.17104852734576,5.293351357810203,0.0008692860854713632,0.5582832657005561,5.285691914224152,3.813268984865604e-07,COMPLETE
42,613.9976355155338,2025-04-25 14:00:04.473538,2025-04-25 23:23:05.293799,0 days 09:23:00.820261,3,0.83534736484802,0.06860822857742488,5.7379162374002926,7,0.6168953862007945,37.71176840896078,7.075360403136699,0.35510011010064646,29,5,2,0.5295336376068768,122.6682301663486,5.091604299828809,0.0008979992030127264,0.5573836688643071,5.533437005986002,1.409585637074062e-07,COMPLETE
43,799.9306390929886,2025-04-25 14:00:04.488054,2025-04-25 23:28:19.173431,0 days 09:28:14.685377,3,0.83534736484802,0.05091039606712275,5.337875586773371,7,0.5538237027877302,32.656517743058004,8.004534643670643,0.41562827799572705,20,16,3,0.5678268488509423,163.56497337539216,3.222021667640255,0.0005785791782092135,0.6278397052148378,5.351321038460136,1.4204320290153938e-06,COMPLETE
44,842.8327103643127,2025-04-25 14:00:04.503815,2025-04-25 23:32:48.695520,0 days 09:32:44.191705,3,0.8695766482586936,0.07003163740767793,7.465985721091565,6,0.6120713658973291,40.68199673545043,9.24451461323449,0.44821132161728827,26,6,2,0.5295336376068768,97.68659853034072,5.091604299828809,0.000429777934282636,0.5700135689981838,5.947731399718705,2.8994961903688407e-07,COMPLETE
45,674.78164055451,2025-04-25 14:00:04.519082,2025-04-25 23:47:46.848980,0 days 09:47:42.329898,3,0.83534736484802,0.08462904903741952,5.929797740894588,8,0.6120713658973291,56.22638631668524,7.21336390171172,0.30312280898987265,23,7,3,0.5678268488509423,163.56497337539216,8.243832678569301,0.0007558742764370909,0.533261540019535,3.968937001448836,2.076507320955504e-07,COMPLETE
46,590.8899418415419,2025-04-25 14:00:04.534384,2025-04-26 00:13:37.117066,0 days 10:13:32.582682,3,0.7440428162207073,0.07528388190680788,6.64195280415911,7,0.6703149986228468,49.07251786080677,6.259608110326931,0.391587259904566,26,4,2,0.553279725557269,122.6682301663486,6.782379814063325,0.0005785791782092135,0.6278397052148378,8.777672978372246,1.262485175709284e-07,COMPLETE
47,789.1226925596978,2025-04-25 14:00:04.549178,2025-04-26 00:19:14.448643,0 days 10:19:09.899465,2,0.7928270475439907,0.06218622648352332,6.64195280415911,6,0.7165051435407467,34.490105552710055,7.829108904122264,0.35510011010064646,11,8,5,0.6266295883377756,132.75726512169774,7.22897817488654,0.0008979992030127264,0.4960266332554615,5.148539205361375,1.9198022005258752e-07,COMPLETE
48,718.3501946444662,2025-04-25 14:00:04.564026,2025-04-26 00:28:14.375702,0 days 10:28:09.811676,3,0.8695766482586936,0.09771812464305094,3.5277767671960563,7,0.56677874667717,62.084644511982255,8.538236686959735,0.24848098000836016,23,6,3,0.8870145737504872,163.56497337539216,5.293351357810203,0.0003429667321326434,0.5497760336994669,3.968937001448836,2.9799933936004954e-07,COMPLETE
49,637.9555842430215,2025-04-25 14:00:04.578982,2025-04-26 00:38:00.070574,0 days 10:37:55.491592,4,0.7199882634208552,0.07049670083894126,5.208858487812219,8,0.7708444587511046,52.06179977930315,6.8725729760907175,0.37469731471602424,25,10,2,0.5295336376068768,145.83022755902874,4.6650256298244726,0.0007558742764370909,0.5870516810237543,6.79260453626371,6.715602481893024e-07,COMPLETE
